[0;90m17:24:46.891[0m [0;31mERROR [0m Error: Error in function call
[0;90m17:24:46.891[0m [0;31mERROR [0m   on ./terragrunt.hcl line 7, in generate "backend":
[0;90m17:24:46.891[0m [0;31mERROR [0m    7:     bucket         = "${get_env("AWS_TERRAFORM_BACKEND_BUCKET")}"
[0;90m17:24:46.891[0m [0;31mERROR [0m Call to function "get_env" failed: EnvVarNotFoundError: Required environment
[0;90m17:24:46.891[0m [0;31mERROR [0m variable AWS_TERRAFORM_BACKEND_BUCKET - not found.
[0;90m17:24:46.891[0m [0;31mERROR [0m Error: Error in function call
[0;90m17:24:46.891[0m [0;31mERROR [0m   on ./terragrunt.hcl line 10, in generate "backend":
[0;90m17:24:46.892[0m [0;31mERROR [0m   10:     dynamodb_table = "${get_env("AWS_TERRAFORM_BACKEND_DYNAMODB_TABLE")}"
[0;90m17:24:46.892[0m [0;31mERROR [0m Call to function "get_env" failed: EnvVarNotFoundError: Required environment
[0;90m17:24:46.892[0m [0;31mERROR [0m variable AWS_TERRAFORM_BACKEND_DYNAMODB_TABLE - not found.
[0;90m17:24:46.892[0m [0;31mERROR [0m Error: Unsuitable value type
[0;90m17:24:46.892[0m [0;31mERROR [0m   on ./terragrunt.hcl line 5, in generate "backend":
[0;90m17:24:46.892[0m [0;31mERROR [0m    4:   contents = <<EOF
[0;90m17:24:46.892[0m [0;31mERROR [0m    5: terraform {
[0;90m17:24:46.892[0m [0;31mERROR [0m    6:   backend "s3" {
[0;90m17:24:46.892[0m [0;31mERROR [0m    7:     bucket         = "${get_env("AWS_TERRAFORM_BACKEND_BUCKET")}"
[0;90m17:24:46.892[0m [0;31mERROR [0m    8:     key            = "${path_relative_to_include()}/terraform.tfstate"
[0;90m17:24:46.892[0m [0;31mERROR [0m    9:     region         = "${get_env("AWS_REGION")}"
[0;90m17:24:46.892[0m [0;31mERROR [0m   10:     dynamodb_table = "${get_env("AWS_TERRAFORM_BACKEND_DYNAMODB_TABLE")}"
[0;90m17:24:46.892[0m [0;31mERROR [0m   11:     encrypt        = true
[0;90m17:24:46.892[0m [0;31mERROR [0m   12:   }
[0;90m17:24:46.892[0m [0;31mERROR [0m   13: }
[0;90m17:24:46.892[0m [0;31mERROR [0m   14: EOF
[0;90m17:24:46.892[0m [0;31mERROR [0m Unsuitable value: value must be known
[0;90m17:24:46.892[0m [0;31mERROR [0m error occurred:

* ./terragrunt.hcl:7,25-33: Error in function call; Call to function "get_env" failed: EnvVarNotFoundError: Required environment variable AWS_TERRAFORM_BACKEND_BUCKET - not found., and 2 other diagnostic(s)

[0;90m17:24:46.894[0m [0;31mERROR [0m Unable to determine underlying exit code, so Terragrunt will exit with error code 1
